<?xml version="1.0" encoding="UTF-8"?>
<!-- Generated by org.testng.reporters.JUnitXMLReporter -->
<testsuite hostname="LAPTOP-HPBHNNEU" failures="0" tests="6" name="DemoBlazeTestSuite" time="73.959" errors="0" timestamp="17 Aug 2022 04:46:59 GMT">
  <testcase classname="com.LoginTest" name="blankFieldsLogin" time="2.519"/>
  <testcase classname="com.LoginTest" name="validUserWithInvalidPassword" time="1.728"/>
  <testcase classname="com.LoginTest" name="invalidUsername" time="1.131"/>
  <testcase classname="com.LoginTest" name="validLogin" time="2.664"/>
  <testcase classname="com.CartTest" name="addToCart" time="7.334"/>
  <testcase classname="com.CartTest" name="cartDelete" time="55.656"/>
</testsuite> <!-- DemoBlazeTestSuite -->
