<?xml version="1.0" encoding="UTF-8"?>
<testng-results total="6" passed="6" failed="0" skipped="0">
  <reporter-output>
  </reporter-output>
  <suite started-at="2022-08-17T04:45:45Z" name="All Test Suite" finished-at="2022-08-17T04:46:59Z" duration-ms="73959">
    <groups>
    </groups>
    <test started-at="2022-08-17T04:45:45Z" name="DemoBlazeTestSuite" finished-at="2022-08-17T04:46:59Z" duration-ms="73959">
      <class name="com.LoginTest">
        <test-method is-config="true" signature="beforeClass()[pri:0, instance:com.LoginTest@2f54a33d]" started-at="2022-08-16T22:45:45Z" name="beforeClass" finished-at="2022-08-16T22:45:46Z" duration-ms="390" status="PASS">
          <reporter-output>
          </reporter-output>
        </test-method> <!-- beforeClass -->
        <test-method signature="blankFieldsLogin()[pri:0, instance:com.LoginTest@2f54a33d]" started-at="2022-08-16T22:45:46Z" name="blankFieldsLogin" finished-at="2022-08-16T22:45:48Z" duration-ms="2519" status="PASS">
          <reporter-output>
          </reporter-output>
        </test-method> <!-- blankFieldsLogin -->
        <test-method is-config="true" signature="beforeMethod()[pri:0, instance:com.LoginTest@2f54a33d]" started-at="2022-08-16T22:45:46Z" name="beforeMethod" finished-at="2022-08-16T22:45:46Z" duration-ms="0" status="PASS">
          <reporter-output>
          </reporter-output>
        </test-method> <!-- beforeMethod -->
        <test-method signature="validUserWithInvalidPassword()[pri:0, instance:com.LoginTest@2f54a33d]" started-at="2022-08-16T22:45:48Z" name="validUserWithInvalidPassword" finished-at="2022-08-16T22:45:50Z" duration-ms="1728" status="PASS">
          <reporter-output>
          </reporter-output>
        </test-method> <!-- validUserWithInvalidPassword -->
        <test-method is-config="true" signature="beforeMethod()[pri:0, instance:com.LoginTest@2f54a33d]" started-at="2022-08-16T22:45:48Z" name="beforeMethod" finished-at="2022-08-16T22:45:48Z" duration-ms="0" status="PASS">
          <reporter-output>
          </reporter-output>
        </test-method> <!-- beforeMethod -->
        <test-method is-config="true" signature="beforeMethod()[pri:0, instance:com.LoginTest@2f54a33d]" started-at="2022-08-16T22:45:50Z" name="beforeMethod" finished-at="2022-08-16T22:45:50Z" duration-ms="0" status="PASS">
          <reporter-output>
          </reporter-output>
        </test-method> <!-- beforeMethod -->
        <test-method signature="invalidUsername()[pri:0, instance:com.LoginTest@2f54a33d]" started-at="2022-08-16T22:45:50Z" name="invalidUsername" finished-at="2022-08-16T22:45:51Z" duration-ms="1131" status="PASS">
          <reporter-output>
          </reporter-output>
        </test-method> <!-- invalidUsername -->
        <test-method is-config="true" signature="beforeMethod()[pri:0, instance:com.LoginTest@2f54a33d]" started-at="2022-08-16T22:45:51Z" name="beforeMethod" finished-at="2022-08-16T22:45:51Z" duration-ms="1" status="PASS">
          <reporter-output>
          </reporter-output>
        </test-method> <!-- beforeMethod -->
        <test-method signature="validLogin()[pri:0, instance:com.LoginTest@2f54a33d]" started-at="2022-08-16T22:45:51Z" name="validLogin" finished-at="2022-08-16T22:45:54Z" duration-ms="2664" status="PASS">
          <reporter-output>
          </reporter-output>
        </test-method> <!-- validLogin -->
      </class> <!-- com.LoginTest -->
      <class name="com.CartTest">
        <test-method is-config="true" signature="beforeSuite()[pri:0, instance:com.CartTest@2118cddf]" started-at="2022-08-16T22:45:32Z" name="beforeSuite" finished-at="2022-08-16T22:45:45Z" duration-ms="13133" status="PASS">
          <reporter-output>
          </reporter-output>
        </test-method> <!-- beforeSuite -->
        <test-method is-config="true" signature="beforeClass()[pri:0, instance:com.CartTest@2118cddf]" started-at="2022-08-16T22:45:54Z" name="beforeClass" finished-at="2022-08-16T22:45:56Z" duration-ms="2508" status="PASS">
          <reporter-output>
          </reporter-output>
        </test-method> <!-- beforeClass -->
        <test-method is-config="true" signature="beforeMethod()[pri:0, instance:com.CartTest@2118cddf]" started-at="2022-08-16T22:45:56Z" name="beforeMethod" finished-at="2022-08-16T22:45:56Z" duration-ms="1" status="PASS">
          <reporter-output>
          </reporter-output>
        </test-method> <!-- beforeMethod -->
        <test-method signature="addToCart()[pri:0, instance:com.CartTest@2118cddf]" started-at="2022-08-16T22:45:56Z" name="addToCart" finished-at="2022-08-16T22:46:03Z" duration-ms="7334" status="PASS">
          <reporter-output>
          </reporter-output>
        </test-method> <!-- addToCart -->
        <test-method is-config="true" signature="beforeMethod()[pri:0, instance:com.CartTest@2118cddf]" started-at="2022-08-16T22:46:03Z" name="beforeMethod" finished-at="2022-08-16T22:46:03Z" duration-ms="0" status="PASS">
          <reporter-output>
          </reporter-output>
        </test-method> <!-- beforeMethod -->
        <test-method signature="cartDelete()[pri:0, instance:com.CartTest@2118cddf]" started-at="2022-08-16T22:46:03Z" name="cartDelete" finished-at="2022-08-16T22:46:59Z" duration-ms="55656" status="PASS">
          <reporter-output>
          </reporter-output>
        </test-method> <!-- cartDelete -->
        <test-method is-config="true" signature="tearDownTest()[pri:0, instance:com.CartTest@2118cddf]" started-at="2022-08-16T22:46:59Z" name="tearDownTest" finished-at="2022-08-16T22:46:59Z" duration-ms="190" status="PASS">
          <reporter-output>
          </reporter-output>
        </test-method> <!-- tearDownTest -->
      </class> <!-- com.CartTest -->
    </test> <!-- DemoBlazeTestSuite -->
  </suite> <!-- All Test Suite -->
</testng-results>
